<?xml version="1.0" encoding="UTF-8"?>
<!-- Generated by org.testng.reporters.JUnitXMLReporter -->
<testsuite hostname="LAPTOP-PH4T5HGA" ignored="0" name="Test" tests="3" failures="0" timestamp="2023-01-04T11:20:33 GMT" time="165.55" errors="0">
  <testcase name="videoTest" time="32.581" classname="com.bbcnews.testcase.VideoPageTest"/>
  <testcase name="searchTest" time="34.907" classname="com.bbcnews.testcase.SearchPageTest"/>
  <testcase name="homeTest" time="32.567" classname="com.bbcnews.testcase.HomePageTest"/>
</testsuite> <!-- Test -->
