<?xml version="1.0" encoding="UTF-8"?>
<!-- Generated by org.testng.reporters.JUnitXMLReporter -->
<testsuite hostname="LAPTOP-PH4T5HGA" ignored="0" name="Test" tests="3" failures="0" timestamp="2022-12-31T23:20:35 GMT" time="257.665" errors="0">
  <testcase name="homeTest" time="46.731" classname="com.bbcnews.testcase.HomePageTest"/>
  <testcase name="searchTest" time="39.86" classname="com.bbcnews.testcase.SearchPageTest"/>
  <testcase name="videoTest" time="37.359" classname="com.bbcnews.testcase.VideoPageTest"/>
</testsuite> <!-- Test -->
